  pch.cpp
  Bullet.cpp
C:\Users\GameDev\Desktop\CyberS\Bullet.cpp(125,111): warning C4244: '인수': 'int'에서 'FLOAT'(으)로 변환하면서 데이터가 손실될 수 있습니다.
  Button.cpp
  Character.cpp
  Direct3D.cpp
  EditorScene.cpp
  Effect.cpp
  Enemy.cpp
C:\Users\GameDev\Desktop\CyberS\Bullet.cpp(125,73): warning C4244: '인수': 'int'에서 'FLOAT'(으)로 변환하면서 데이터가 손실될 수 있습니다.
C:\Users\GameDev\Desktop\CyberS\Enemy.cpp(175,105): warning C4244: '인수': 'float'에서 'int'(으)로 변환하면서 데이터가 손실될 수 있습니다.
C:\Users\GameDev\Desktop\CyberS\Enemy.cpp(175,75): warning C4244: '인수': 'float'에서 'int'(으)로 변환하면서 데이터가 손실될 수 있습니다.
C:\Users\GameDev\Desktop\CyberS\Enemy.cpp(176,107): warning C4244: '인수': 'float'에서 'int'(으)로 변환하면서 데이터가 손실될 수 있습니다.
C:\Users\GameDev\Desktop\CyberS\Enemy.cpp(176,76): warning C4244: '인수': 'float'에서 'int'(으)로 변환하면서 데이터가 손실될 수 있습니다.
C:\Users\GameDev\Desktop\CyberS\Enemy.cpp(176,48): warning C4244: '인수': 'int'에서 'FLOAT'(으)로 변환하면서 데이터가 손실될 수 있습니다.
C:\Users\GameDev\Desktop\CyberS\Enemy.cpp(175,48): warning C4244: '인수': 'int'에서 'FLOAT'(으)로 변환하면서 데이터가 손실될 수 있습니다.
C:\Users\GameDev\Desktop\CyberS\Enemy.cpp(177,61): warning C4244: '=': 'int'에서 'float'(으)로 변환하면서 데이터가 손실될 수 있습니다.
C:\Users\GameDev\Desktop\CyberS\Enemy.cpp(205,119): warning C4244: '인수': 'int'에서 'FLOAT'(으)로 변환하면서 데이터가 손실될 수 있습니다.
C:\Users\GameDev\Desktop\CyberS\Enemy.cpp(205,81): warning C4244: '인수': 'int'에서 'FLOAT'(으)로 변환하면서 데이터가 손실될 수 있습니다.
C:\Users\GameDev\Desktop\CyberS\Enemy.cpp(206,61): warning C4244: '=': 'int'에서 'float'(으)로 변환하면서 데이터가 손실될 수 있습니다.
C:\Users\GameDev\Desktop\CyberS\Enemy.cpp(249,33): warning C4018: '>=': signed 또는 unsigned가 일치하지 않습니다.
C:\Users\GameDev\Desktop\CyberS\Enemy.cpp(334,75): warning C4244: '인수': 'int'에서 'FLOAT'(으)로 변환하면서 데이터가 손실될 수 있습니다.
C:\Users\GameDev\Desktop\CyberS\Enemy.cpp(362,51): warning C4244: '=': 'int'에서 'float'(으)로 변환하면서 데이터가 손실될 수 있습니다.
C:\Users\GameDev\Desktop\CyberS\Enemy.cpp(364,51): warning C4244: '=': 'int'에서 'float'(으)로 변환하면서 데이터가 손실될 수 있습니다.
C:\Users\GameDev\Desktop\CyberS\Enemy.cpp(422,75): warning C4244: '인수': 'int'에서 'FLOAT'(으)로 변환하면서 데이터가 손실될 수 있습니다.
C:\Users\GameDev\Desktop\CyberS\Enemy.cpp(456,78): warning C4244: '=': 'int'에서 'float'(으)로 변환하면서 데이터가 손실될 수 있습니다.
  EnemySpawnObject.cpp
  GameScene.cpp
C:\Users\GameDev\Desktop\CyberS\Enemy.cpp(505,75): warning C4244: '인수': 'int'에서 'FLOAT'(으)로 변환하면서 데이터가 손실될 수 있습니다.
  HowToScene.cpp
  Item.cpp
  KeyManager.cpp
  LoadingScene.cpp
C:\Users\GameDev\Desktop\CyberS\GameScene.cpp(161,26): warning C4244: '=': 'float'에서 'int'(으)로 변환하면서 데이터가 손실될 수 있습니다.
  MapLayer.cpp
  Object.cpp
  Player.cpp
C:\Users\GameDev\Desktop\CyberS\LoadingScene.cpp(32,18): warning C4018: '>=': signed 또는 unsigned가 일치하지 않습니다.
C:\Users\GameDev\Desktop\CyberS\Player.cpp(60,115): warning C4244: '인수': 'int'에서 'FLOAT'(으)로 변환하면서 데이터가 손실될 수 있습니다.
C:\Users\GameDev\Desktop\CyberS\Player.cpp(60,77): warning C4244: '인수': 'int'에서 'FLOAT'(으)로 변환하면서 데이터가 손실될 수 있습니다.
C:\Users\GameDev\Desktop\CyberS\Player.cpp(61,57): warning C4244: '=': 'int'에서 'float'(으)로 변환하면서 데이터가 손실될 수 있습니다.
C:\Users\GameDev\Desktop\CyberS\Player.cpp(146,42): warning C4244: '=': 'float'에서 'int'(으)로 변환하면서 데이터가 손실될 수 있습니다.
  RankingManager.cpp
C:\Users\GameDev\Desktop\CyberS\Player.cpp(221,62): warning C4244: '+=': 'float'에서 'int'(으)로 변환하면서 데이터가 손실될 수 있습니다.
C:\Users\GameDev\Desktop\CyberS\RankingManager.cpp(50,14): warning C4018: '>=': signed 또는 unsigned가 일치하지 않습니다.
C:\Users\GameDev\Desktop\CyberS\RankingManager.cpp(68,21): warning C4018: '<': signed 또는 unsigned가 일치하지 않습니다.
  RankingScene.cpp
  ResultScene.cpp
  Scene.cpp
  코드를 생성하고 있습니다...
  컴파일하고 있습니다...
  Skill.cpp
C:\Users\GameDev\Desktop\CyberS\RankingManager.cpp(77,18): warning C4018: '>=': signed 또는 unsigned가 일치하지 않습니다.
C:\Users\GameDev\Desktop\CyberS\Skill.cpp(181,121): warning C4244: '인수': 'int'에서 'FLOAT'(으)로 변환하면서 데이터가 손실될 수 있습니다.
C:\Users\GameDev\Desktop\CyberS\Skill.cpp(181,81): warning C4244: '인수': 'int'에서 'FLOAT'(으)로 변환하면서 데이터가 손실될 수 있습니다.
  Sound.cpp
  SplitBullet.cpp
C:\Users\GameDev\Desktop\CyberS\Skill.cpp(182,61): warning C4244: '=': 'int'에서 'float'(으)로 변환하면서 데이터가 손실될 수 있습니다.
C:\Users\GameDev\Desktop\CyberS\SplitBullet.cpp(45,25): warning C4244: '초기화 중': 'int'에서 'float'(으)로 변환하면서 데이터가 손실될 수 있습니다.
C:\Users\GameDev\Desktop\CyberS\SplitBullet.cpp(103,111): warning C4244: '인수': 'int'에서 'FLOAT'(으)로 변환하면서 데이터가 손실될 수 있습니다.
  Sprite.cpp
C:\Users\GameDev\Desktop\CyberS\SplitBullet.cpp(103,73): warning C4244: '인수': 'int'에서 'FLOAT'(으)로 변환하면서 데이터가 손실될 수 있습니다.
C:\Users\GameDev\Desktop\CyberS\Sprite.cpp(27,24): warning C4018: '>=': signed 또는 unsigned가 일치하지 않습니다.
C:\Users\GameDev\Desktop\CyberS\Sprite.cpp(74,33): warning C4244: 'return': 'UINT'에서 'float'(으)로 변환하면서 데이터가 손실될 수 있습니다.
  TitleScene.cpp
  UI.cpp
C:\Users\GameDev\Desktop\CyberS\Sprite.cpp(79,33): warning C4244: 'return': 'UINT'에서 'float'(으)로 변환하면서 데이터가 손실될 수 있습니다.
C:\Users\GameDev\Desktop\CyberS\UI.cpp(57,20): warning C4244: '초기화 중': 'float'에서 'int'(으)로 변환하면서 데이터가 손실될 수 있습니다.
  main.cpp
  코드를 생성하고 있습니다...
C:\Users\GameDev\Desktop\CyberS\UI.cpp(130,113): warning C4244: '인수': 'int'에서 'FLOAT'(으)로 변환하면서 데이터가 손실될 수 있습니다.
  CyberS.vcxproj -> C:\Users\GameDev\Desktop\CyberS\Debug\CyberS.exe
